[ 2024-11-18 13:09:40,206 ] 21 root - INFO - Data Ingesion has been started
[ 2024-11-18 13:09:40,207 ] 23 root - INFO - Data reading using Pandas from local file system
[ 2024-11-18 13:09:40,611 ] 25 root - INFO - Data Reading has been completed
[ 2024-11-18 13:09:40,774 ] 29 root - INFO - Raw data has been stored
[ 2024-11-18 13:09:40,791 ] 32 root - INFO - Raw data has been splitted into Train and Test set
[ 2024-11-18 13:09:40,955 ] 37 root - INFO - Data Ingestion has been completed!
[ 2024-11-18 13:09:40,956 ] 49 root - INFO - Created feature store configuration at /home/tahnik/MWC-Module-3-Modular-Workflow-and-Project-Setup-Basics/feature_repo/feature_store.yaml
[ 2024-11-18 13:09:40,956 ] 53 root - INFO - Configuration file content:
project: income_prediction
provider: local
registry: data/registry.db
online_store:
  type: sqlite
offline_store:
  type: file
entity_key_serialization_version: 2
[ 2024-11-18 13:09:42,328 ] 230 feast.infra.registry.registry - INFO - Registry file not found. Creating new registry.
[ 2024-11-18 13:09:42,340 ] 57 root - INFO - Feature store initialized successfully
[ 2024-11-18 13:09:42,874 ] 110 root - INFO - Read train and test data completed
[ 2024-11-18 13:09:42,874 ] 111 root - INFO - Obtaining preprocessing object
[ 2024-11-18 13:09:42,874 ] 65 root - INFO - Data Transformation Started
[ 2024-11-18 13:09:42,911 ] 126 root - INFO - Applying preprocessing object on training and testing datasets.
[ 2024-11-18 13:09:43,160 ] 131 root - INFO - Starting feature store operations
[ 2024-11-18 13:09:43,269 ] 176 root - INFO - Saved feature data to feature_repo/data/train_features.parquet
[ 2024-11-18 13:09:43,272 ] 920 feast.infra.registry.registry - INFO - Registry cache expired, so refreshing
[ 2024-11-18 13:09:43,273 ] 920 feast.infra.registry.registry - INFO - Registry cache expired, so refreshing
[ 2024-11-18 13:09:43,276 ] 409 root - WARNING - Cannot use sqlite_vec for vector search
[ 2024-11-18 13:09:43,301 ] 215 root - INFO - Applied entity and feature view for train
[ 2024-11-18 13:09:43,301 ] 920 feast.infra.registry.registry - INFO - Registry cache expired, so refreshing
[ 2024-11-18 13:09:43,303 ] 920 feast.infra.registry.registry - INFO - Registry cache expired, so refreshing
[ 2024-11-18 13:09:43,304 ] 920 feast.infra.registry.registry - INFO - Registry cache expired, so refreshing
[ 2024-11-18 13:10:21,904 ] 222 root - INFO - Materialized features successfully
[ 2024-11-18 13:10:21,905 ] 135 root - INFO - Pushed training data to feature store
[ 2024-11-18 13:10:21,937 ] 176 root - INFO - Saved feature data to feature_repo/data/test_features.parquet
[ 2024-11-18 13:10:21,942 ] 920 feast.infra.registry.registry - INFO - Registry cache expired, so refreshing
[ 2024-11-18 13:10:21,976 ] 215 root - INFO - Applied entity and feature view for test
[ 2024-11-18 13:10:21,977 ] 920 feast.infra.registry.registry - INFO - Registry cache expired, so refreshing
[ 2024-11-18 13:10:21,983 ] 920 feast.infra.registry.registry - INFO - Registry cache expired, so refreshing
[ 2024-11-18 13:10:21,985 ] 920 feast.infra.registry.registry - INFO - Registry cache expired, so refreshing
[ 2024-11-18 13:10:44,428 ] 920 feast.infra.registry.registry - INFO - Registry cache expired, so refreshing
[ 2024-11-18 13:10:50,187 ] 222 root - INFO - Materialized features successfully
[ 2024-11-18 13:10:50,188 ] 138 root - INFO - Pushed testing data to feature store
