[ 2024-11-18 13:07:48,164 ] 21 root - INFO - Data Ingesion has been started
[ 2024-11-18 13:07:48,164 ] 23 root - INFO - Data reading using Pandas from local file system
[ 2024-11-18 13:07:48,268 ] 25 root - INFO - Data Reading has been completed
[ 2024-11-18 13:07:48,373 ] 29 root - INFO - Raw data has been stored
[ 2024-11-18 13:07:48,392 ] 32 root - INFO - Raw data has been splitted into Train and Test set
[ 2024-11-18 13:07:48,535 ] 37 root - INFO - Data Ingestion has been completed!
[ 2024-11-18 13:07:48,538 ] 49 root - INFO - Created feature store configuration at /home/tahnik/MWC-Module-3-Modular-Workflow-and-Project-Setup-Basics/feature_repo/feature_store.yaml
[ 2024-11-18 13:07:48,538 ] 53 root - INFO - Configuration file content:
project: income_prediction
provider: local
registry: data/registry.db
online_store:
    type:sqlite
offline_store
    type: file
entity_key_serialization_version: 2
[ 2024-11-18 13:07:48,539 ] 60 root - ERROR - Error in initialization: while scanning a simple key
  in "<unicode string>", line 6, column 1:
    offline_store
    ^
could not find expected ':'
  in "<unicode string>", line 7, column 9:
        type: file
            ^
[ 2024-11-18 13:07:48,539 ] 51 root - ERROR - 
Error occurred in Python script:
→ File: /home/tahnik/MWC-Module-3-Modular-Workflow-and-Project-Setup-Basics/src/components/data_transformation.py
→ Line number: 56
→ Error message: while scanning a simple key
  in "<unicode string>", line 6, column 1:
    offline_store
    ^
could not find expected ':'
  in "<unicode string>", line 7, column 9:
        type: file
            ^
