[ 2024-11-18 15:21:18,270 ] 227 root - INFO - Starting Data Ingestion
[ 2024-11-18 15:21:18,271 ] 21 root - INFO - Data Ingesion has been started
[ 2024-11-18 15:21:18,271 ] 23 root - INFO - Data reading using Pandas from local file system
[ 2024-11-18 15:21:18,384 ] 25 root - INFO - Data Reading has been completed
[ 2024-11-18 15:21:18,490 ] 29 root - INFO - Raw data has been stored
[ 2024-11-18 15:21:18,508 ] 32 root - INFO - Raw data has been splitted into Train and Test set
[ 2024-11-18 15:21:18,606 ] 37 root - INFO - Data Ingestion has been completed!
[ 2024-11-18 15:21:18,609 ] 234 root - INFO - Starting Data Transformation
[ 2024-11-18 15:21:18,610 ] 49 root - INFO - Created feature store configuration at /home/tahnik/MWC-Module-3-Modular-Workflow-and-Project-Setup-Basics/feature_repo/feature_store.yaml
[ 2024-11-18 15:21:18,610 ] 53 root - INFO - Configuration file content:
project: income_prediction
provider: local
registry: data/registry.db
online_store:
  type: sqlite
offline_store:
  type: file
entity_key_serialization_version: 2
[ 2024-11-18 15:21:19,411 ] 57 root - INFO - Feature store initialized successfully
[ 2024-11-18 15:21:19,516 ] 110 root - INFO - Read train and test data completed
[ 2024-11-18 15:21:19,516 ] 111 root - INFO - Obtaining preprocessing object
[ 2024-11-18 15:21:19,516 ] 65 root - INFO - Data Transformation Started
[ 2024-11-18 15:21:19,523 ] 126 root - INFO - Applying preprocessing object on training and testing datasets.
[ 2024-11-18 15:21:19,617 ] 131 root - INFO - Starting feature store operations
[ 2024-11-18 15:21:19,710 ] 176 root - INFO - Saved feature data to feature_repo/data/train_features.parquet
[ 2024-11-18 15:21:19,712 ] 920 feast.infra.registry.registry - INFO - Registry cache expired, so refreshing
[ 2024-11-18 15:21:19,716 ] 409 root - WARNING - Cannot use sqlite_vec for vector search
[ 2024-11-18 15:21:19,726 ] 215 root - INFO - Applied entity and feature view for train
[ 2024-11-18 15:21:19,726 ] 920 feast.infra.registry.registry - INFO - Registry cache expired, so refreshing
[ 2024-11-18 15:21:19,728 ] 920 feast.infra.registry.registry - INFO - Registry cache expired, so refreshing
[ 2024-11-18 15:21:19,730 ] 920 feast.infra.registry.registry - INFO - Registry cache expired, so refreshing
