[ 2024-11-18 15:49:19,943 ] 22 root - INFO - Data Ingesion has been started
[ 2024-11-18 15:49:19,943 ] 24 root - INFO - Data reading using Pandas from local file system
[ 2024-11-18 15:49:20,039 ] 26 root - INFO - Data Reading has been completed
[ 2024-11-18 15:49:20,185 ] 30 root - INFO - Raw data has been stored
[ 2024-11-18 15:49:20,208 ] 33 root - INFO - Raw data has been splitted into Train and Test set
[ 2024-11-18 15:49:20,408 ] 38 root - INFO - Data Ingestion has been completed!
[ 2024-11-18 15:49:20,409 ] 49 root - INFO - Created feature store configuration at /home/tahnik/MWC-Module-3-Modular-Workflow-and-Project-Setup-Basics/feature_repo/feature_store.yaml
[ 2024-11-18 15:49:20,410 ] 53 root - INFO - Configuration file content:
project: income_prediction
provider: local
registry: data/registry.db
online_store:
  type: sqlite
offline_store:
  type: file
entity_key_serialization_version: 2
[ 2024-11-18 15:49:21,375 ] 57 root - INFO - Feature store initialized successfully
[ 2024-11-18 15:49:21,424 ] 110 root - INFO - Read train and test data completed
[ 2024-11-18 15:49:21,424 ] 111 root - INFO - Obtaining preprocessing object
[ 2024-11-18 15:49:21,424 ] 65 root - INFO - Data Transformation Started
[ 2024-11-18 15:49:21,431 ] 126 root - INFO - Applying preprocessing object on training and testing datasets.
[ 2024-11-18 15:49:21,524 ] 131 root - INFO - Starting feature store operations
[ 2024-11-18 15:49:21,766 ] 176 root - INFO - Saved feature data to feature_repo/data/train_features.parquet
[ 2024-11-18 15:49:21,771 ] 920 feast.infra.registry.registry - INFO - Registry cache expired, so refreshing
[ 2024-11-18 15:49:21,780 ] 409 root - WARNING - Cannot use sqlite_vec for vector search
[ 2024-11-18 15:49:21,813 ] 215 root - INFO - Applied entity and feature view for train
[ 2024-11-18 15:49:21,813 ] 920 feast.infra.registry.registry - INFO - Registry cache expired, so refreshing
[ 2024-11-18 15:49:21,822 ] 920 feast.infra.registry.registry - INFO - Registry cache expired, so refreshing
[ 2024-11-18 15:49:21,822 ] 920 feast.infra.registry.registry - INFO - Registry cache expired, so refreshing
[ 2024-11-18 15:50:06,490 ] 920 feast.infra.registry.registry - INFO - Registry cache expired, so refreshing
[ 2024-11-18 15:50:14,919 ] 222 root - INFO - Materialized features successfully
[ 2024-11-18 15:50:14,920 ] 135 root - INFO - Pushed training data to feature store
[ 2024-11-18 15:50:14,933 ] 176 root - INFO - Saved feature data to feature_repo/data/test_features.parquet
[ 2024-11-18 15:50:14,938 ] 920 feast.infra.registry.registry - INFO - Registry cache expired, so refreshing
[ 2024-11-18 15:50:14,943 ] 215 root - INFO - Applied entity and feature view for test
[ 2024-11-18 15:50:14,944 ] 920 feast.infra.registry.registry - INFO - Registry cache expired, so refreshing
[ 2024-11-18 15:50:14,947 ] 920 feast.infra.registry.registry - INFO - Registry cache expired, so refreshing
[ 2024-11-18 15:50:14,948 ] 920 feast.infra.registry.registry - INFO - Registry cache expired, so refreshing
[ 2024-11-18 15:50:32,525 ] 920 feast.infra.registry.registry - INFO - Registry cache expired, so refreshing
[ 2024-11-18 15:50:36,412 ] 222 root - INFO - Materialized features successfully
[ 2024-11-18 15:50:36,412 ] 138 root - INFO - Pushed testing data to feature store
[ 2024-11-18 15:50:37,442 ] 123 root - INFO - Starting model training pipeline
[ 2024-11-18 15:50:37,442 ] 166 root - INFO - Training RandomForest
[ 2024-11-18 15:50:37,828 ] 52 root - INFO - Started Training RandomForest
[ 2024-11-18 15:52:05,807 ] 73 root - INFO - Best Paramaters for RandomForest: {'best_class_weight': 'balanced', 'best_max_depth': 10, 'best_min_samples_split': 5, 'best_n_estimators': 50}
[ 2024-11-18 15:52:26,089 ] 114 root - INFO - Completed Training RandomForest
[ 2024-11-18 15:52:26,126 ] 166 root - INFO - Training DecisionTree
[ 2024-11-18 15:52:26,190 ] 52 root - INFO - Started Training DecisionTree
[ 2024-11-18 15:52:45,164 ] 73 root - INFO - Best Paramaters for DecisionTree: {'best_class_weight': 'balanced', 'best_criterion': 'entropy', 'best_max_depth': 6, 'best_min_samples_split': 2}
[ 2024-11-18 15:52:54,697 ] 114 root - INFO - Completed Training DecisionTree
[ 2024-11-18 15:52:54,729 ] 166 root - INFO - Training LogisticRegression
[ 2024-11-18 15:52:54,772 ] 52 root - INFO - Started Training LogisticRegression
[ 2024-11-18 15:53:10,866 ] 73 root - INFO - Best Paramaters for LogisticRegression: {'best_C': 10, 'best_class_weight': 'balanced', 'best_solver': 'liblinear'}
[ 2024-11-18 15:53:21,251 ] 114 root - INFO - Completed Training LogisticRegression
[ 2024-11-18 15:53:21,278 ] 183 root - INFO - Best model: RandomForest with accuracy:0.8099262446220037
