[ 2024-11-18 15:22:04,303 ] 227 root - INFO - Starting Data Ingestion
[ 2024-11-18 15:22:04,304 ] 21 root - INFO - Data Ingesion has been started
[ 2024-11-18 15:22:04,304 ] 23 root - INFO - Data reading using Pandas from local file system
[ 2024-11-18 15:22:04,356 ] 25 root - INFO - Data Reading has been completed
[ 2024-11-18 15:22:04,475 ] 29 root - INFO - Raw data has been stored
[ 2024-11-18 15:22:04,481 ] 32 root - INFO - Raw data has been splitted into Train and Test set
[ 2024-11-18 15:22:04,597 ] 37 root - INFO - Data Ingestion has been completed!
[ 2024-11-18 15:22:04,601 ] 234 root - INFO - Starting Data Transformation
[ 2024-11-18 15:22:04,602 ] 49 root - INFO - Created feature store configuration at /home/tahnik/MWC-Module-3-Modular-Workflow-and-Project-Setup-Basics/feature_repo/feature_store.yaml
[ 2024-11-18 15:22:04,604 ] 53 root - INFO - Configuration file content:
project: income_prediction
provider: local
registry: data/registry.db
online_store:
  type: sqlite
offline_store:
  type: file
entity_key_serialization_version: 2
[ 2024-11-18 15:22:05,214 ] 57 root - INFO - Feature store initialized successfully
[ 2024-11-18 15:22:05,262 ] 110 root - INFO - Read train and test data completed
[ 2024-11-18 15:22:05,262 ] 111 root - INFO - Obtaining preprocessing object
[ 2024-11-18 15:22:05,263 ] 65 root - INFO - Data Transformation Started
[ 2024-11-18 15:22:05,266 ] 126 root - INFO - Applying preprocessing object on training and testing datasets.
[ 2024-11-18 15:22:05,342 ] 131 root - INFO - Starting feature store operations
[ 2024-11-18 15:22:05,377 ] 176 root - INFO - Saved feature data to feature_repo/data/train_features.parquet
[ 2024-11-18 15:22:05,381 ] 920 feast.infra.registry.registry - INFO - Registry cache expired, so refreshing
[ 2024-11-18 15:22:05,388 ] 409 root - WARNING - Cannot use sqlite_vec for vector search
[ 2024-11-18 15:22:05,392 ] 215 root - INFO - Applied entity and feature view for train
[ 2024-11-18 15:22:05,392 ] 920 feast.infra.registry.registry - INFO - Registry cache expired, so refreshing
[ 2024-11-18 15:22:05,397 ] 920 feast.infra.registry.registry - INFO - Registry cache expired, so refreshing
[ 2024-11-18 15:22:05,397 ] 920 feast.infra.registry.registry - INFO - Registry cache expired, so refreshing
[ 2024-11-18 15:22:23,542 ] 920 feast.infra.registry.registry - INFO - Registry cache expired, so refreshing
[ 2024-11-18 15:22:27,666 ] 222 root - INFO - Materialized features successfully
[ 2024-11-18 15:22:27,666 ] 135 root - INFO - Pushed training data to feature store
[ 2024-11-18 15:22:27,694 ] 176 root - INFO - Saved feature data to feature_repo/data/test_features.parquet
[ 2024-11-18 15:22:27,697 ] 920 feast.infra.registry.registry - INFO - Registry cache expired, so refreshing
[ 2024-11-18 15:22:27,706 ] 215 root - INFO - Applied entity and feature view for test
[ 2024-11-18 15:22:27,706 ] 920 feast.infra.registry.registry - INFO - Registry cache expired, so refreshing
[ 2024-11-18 15:22:27,712 ] 920 feast.infra.registry.registry - INFO - Registry cache expired, so refreshing
[ 2024-11-18 15:22:27,713 ] 920 feast.infra.registry.registry - INFO - Registry cache expired, so refreshing
[ 2024-11-18 15:22:40,474 ] 920 feast.infra.registry.registry - INFO - Registry cache expired, so refreshing
[ 2024-11-18 15:22:45,131 ] 222 root - INFO - Materialized features successfully
[ 2024-11-18 15:22:45,131 ] 138 root - INFO - Pushed testing data to feature store
[ 2024-11-18 15:22:45,144 ] 242 root - INFO - Starting Model Training
[ 2024-11-18 15:22:45,146 ] 250 root - ERROR - Error in training pipeline: name 'ModelTrainer' is not defined
[ 2024-11-18 15:22:45,146 ] 51 root - ERROR - 
Error occurred in Python script:
→ File: /home/tahnik/MWC-Module-3-Modular-Workflow-and-Project-Setup-Basics/src/components/model_trainer.py
→ Line number: 243
→ Error message: name 'ModelTrainer' is not defined
